SF:lib\hal.dart
DA:32,1
DA:33,1
DA:34,1
DA:35,1
DA:73,4
DA:76,4
DA:79,4
DA:82,3
DA:85,0
DA:88,0
DA:91,0
DA:94,0
DA:97,0
DA:99,0
DA:101,0
DA:103,0
DA:112,0
DA:201,2
DA:202,2
DA:203,2
DA:204,2
DA:205,2
DA:206,2
DA:207,2
DA:208,2
DA:209,2
DA:210,2
DA:211,0
DA:217,0
DA:224,0
DA:226,0
DA:229,0
DA:233,0
DA:236,0
DA:237,0
DA:241,0
DA:242,0
DA:244,0
DA:246,0
DA:250,0
DA:254,0
DA:260,0
LF:42
LH:18
end_of_record
SF:lib\src\rippers.dart
DA:4,2
DA:5,2
DA:7,4
DA:10,4
DA:11,2
DA:12,2
DA:13,2
DA:15,2
DA:16,2
DA:17,2
DA:20,0
DA:22,0
DA:23,0
DA:24,0
DA:30,0
DA:34,1
DA:38,1
DA:39,1
DA:41,2
DA:44,1
DA:45,1
DA:46,1
DA:47,1
DA:48,1
DA:50,1
DA:52,3
DA:53,1
DA:54,1
DA:57,0
DA:58,0
DA:59,0
DA:66,0
DA:70,1
DA:74,1
DA:75,1
DA:76,1
DA:78,1
DA:79,1
LF:38
LH:29
end_of_record
